Myessoensis.XP_021370576.1_proteasome_subunit_alph	100.000	253	0	0	0.0	522	Myessoensis.XP_021370576.1_proteasome_subunit_alph
Lanatina.XP_013384393.1_proteasome_subunit_alpha_t	77.500	240	54	0	2.40e-140	396	Lanatina.XP_013384393.1_proteasome_subunit_alpha_t
Hsapiens.NP_002779.1_proteasome_subunit_alpha_type	73.913	253	65	1	9.99e-140	394	Hsapiens.NP_002779.1_proteasome_subunit_alpha_type
Bbelcheri.LOC109471095_proteasome_subunit_alpha_ty	77.178	241	54	1	8.48e-139	392	Bbelcheri.LOC109471095_proteasome_subunit_alpha_ty
Aplanci.LOC110982874_proteasome_subunit_alpha_type	73.387	248	61	1	2.66e-135	383	Aplanci.LOC110982874_proteasome_subunit_alpha_type
Cintestinalis.LOC100177476_proteasome_subunit_alph	68.526	251	79	0	7.44e-133	377	Cintestinalis.LOC100177476_proteasome_subunit_alph
Egranulosus.XP_024352159.1_Proteasome_subunit_alph	61.265	253	98	0	2.36e-119	343	Egranulosus.XP_024352159.1_Proteasome_subunit_alph
Avaga.UJR30804.1_hypothetical_protein_I4U23_018322	63.415	246	90	0	4.05e-119	342	Avaga.UJR30804.1_hypothetical_protein_I4U23_018322
Avaga.UJR15799.1_hypothetical_protein_I4U23_002731	64.228	246	88	0	1.94e-118	340	Avaga.UJR15799.1_hypothetical_protein_I4U23_002731
Dmelanogaster.Prosalpha7_proteasome_alpha7_subunit	57.312	253	105	3	2.17e-98	290	Dmelanogaster.Prosalpha7_proteasome_alpha7_subunit
Lanatina.XP_013415237.1_proteasome_subunit_alpha_t	35.294	221	137	2	8.10e-41	142	Lanatina.XP_013415237.1_proteasome_subunit_alpha_t
Bbelcheri.LOC109473572_proteasome_subunit_alpha_ty	39.205	176	106	1	5.88e-39	138	Bbelcheri.LOC109473572_proteasome_subunit_alpha_ty
Hsapiens.NP_002783.1_proteasome_subunit_alpha_type	36.019	211	123	3	2.26e-38	136	Hsapiens.NP_002783.1_proteasome_subunit_alpha_type
Cintestinalis.LOC100176195_proteasome_subunit_alph	36.139	202	123	2	3.37e-38	136	Cintestinalis.LOC100176195_proteasome_subunit_alph
Cintestinalis.LOC100176760_proteasome_subunit_alph	34.956	226	130	3	6.52e-38	135	Cintestinalis.LOC100176760_proteasome_subunit_alph
Hsapiens.NP_002781.2_proteasome_subunit_alpha_type	33.810	210	133	2	2.92e-37	133	Hsapiens.NP_002781.2_proteasome_subunit_alpha_type
Lanatina.XP_013389043.1_proteasome_subunit_alpha_t	38.636	176	107	1	3.59e-37	133	Lanatina.XP_013389043.1_proteasome_subunit_alpha_t
Lanatina.XP_013417278.1_proteasome_subunit_alpha_t	38.506	174	105	2	6.46e-37	132	Lanatina.XP_013417278.1_proteasome_subunit_alpha_t
Bbelcheri.LOC109486945_proteasome_subunit_alpha_ty	33.831	201	128	2	6.46e-37	132	Bbelcheri.LOC109486945_proteasome_subunit_alpha_ty
Aplanci.LOC110982065_proteasome_subunit_alpha_type	34.123	211	131	4	1.25e-36	131	Aplanci.LOC110982065_proteasome_subunit_alpha_type
Myessoensis.XP_021354253.1_proteasome_subunit_alph	38.068	176	108	1	1.57e-36	131	Myessoensis.XP_021354253.1_proteasome_subunit_alph
Aplanci.LOC110989014_proteasome_subunit_alpha_type	38.953	172	104	1	1.80e-36	131	Aplanci.LOC110989014_proteasome_subunit_alpha_type
Myessoensis.XP_021360390.1_proteasome_subunit_alph	31.557	244	146	5	1.90e-36	131	Myessoensis.XP_021360390.1_proteasome_subunit_alph
Dmelanogaster.Prosalpha4_proteasome_alpha4_subunit	37.500	176	109	1	2.51e-36	131	Dmelanogaster.Prosalpha4_proteasome_alpha4_subunit
Avaga.UJR13309.1_hypothetical_protein_I4U23_000327	39.535	172	103	1	6.70e-36	130	Avaga.UJR13309.1_hypothetical_protein_I4U23_000327
Hsapiens.NP_001020267.1_proteasome_subunit_alpha-t	36.932	176	110	1	7.62e-36	130	Hsapiens.NP_001020267.1_proteasome_subunit_alpha-t
Avaga.UJR34060.1_hypothetical_protein_I4U23_021471	39.535	172	103	1	7.62e-36	130	Avaga.UJR34060.1_hypothetical_protein_I4U23_021471
Egranulosus.XP_024351634.1_Proteasome_subunit_alph	40.698	172	101	1	9.37e-36	130	Egranulosus.XP_024351634.1_Proteasome_subunit_alph
Avaga.UJR38283.1_hypothetical_protein_I4U23_030955	33.831	201	128	1	1.23e-35	129	Avaga.UJR38283.1_hypothetical_protein_I4U23_030955
Avaga.UJR08068.1_hypothetical_protein_I4U23_012345	33.333	201	129	1	1.35e-35	129	Avaga.UJR08068.1_hypothetical_protein_I4U23_012345
Bbelcheri.LOC109484059_proteasome_subunit_alpha_ty	38.506	174	105	2	4.33e-35	127	Bbelcheri.LOC109484059_proteasome_subunit_alpha_ty
Aplanci.LOC110977667_proteasome_subunit_alpha_type	36.782	174	108	2	8.56e-35	127	Aplanci.LOC110977667_proteasome_subunit_alpha_type
Myessoensis.XP_021340374.1_proteasome_subunit_alph	37.356	174	107	2	1.66e-34	126	Myessoensis.XP_021340374.1_proteasome_subunit_alph
Hsapiens.NP_002782.1_proteasome_subunit_alpha_type	36.207	174	109	2	5.99e-34	125	Hsapiens.NP_002782.1_proteasome_subunit_alpha_type
Dmelanogaster.Prosalpha4T2_proteasome_alpha4_subun	34.536	194	123	2	2.49e-33	123	Dmelanogaster.Prosalpha4T2_proteasome_alpha4_subun
Dmelanogaster.Prosalpha2_proteasome_alpha2_subunit	35.519	183	118	0	3.10e-33	122	Dmelanogaster.Prosalpha2_proteasome_alpha2_subunit
Dmelanogaster.Prosalpha6T_proteasome_alpha6_subuni	31.621	253	154	7	5.40e-33	123	Dmelanogaster.Prosalpha6T_proteasome_alpha6_subuni
Hsapiens.NP_002778.1_proteasome_subunit_alpha_type	34.239	184	121	0	8.30e-33	121	Hsapiens.NP_002778.1_proteasome_subunit_alpha_type
Dmelanogaster.Prosalpha4T1_proteasome_alpha4_subun	35.795	176	112	1	1.28e-32	121	Dmelanogaster.Prosalpha4T1_proteasome_alpha4_subun
Egranulosus.XP_024349633.1_Proteasome_subunit_alph	35.000	180	113	3	4.36e-32	120	Egranulosus.XP_024349633.1_Proteasome_subunit_alph
Dmelanogaster.Prosalpha5_proteasome_alpha5_subunit	31.132	212	138	2	1.22e-31	119	Dmelanogaster.Prosalpha5_proteasome_alpha5_subunit
Cintestinalis.LOC100182573_proteasome_subunit_alph	34.483	174	111	2	7.77e-31	117	Cintestinalis.LOC100182573_proteasome_subunit_alph
Avaga.UJR22046.1_hypothetical_protein_I4U23_025114	35.088	171	109	1	2.07e-30	116	Avaga.UJR22046.1_hypothetical_protein_I4U23_025114
Avaga.UJR27155.1_hypothetical_protein_I4U23_008453	34.503	171	110	1	4.38e-30	115	Avaga.UJR27155.1_hypothetical_protein_I4U23_008453
Dmelanogaster.CG30382_uncharacterized_protein_Dmel	34.483	174	112	2	5.54e-30	114	Dmelanogaster.CG30382_uncharacterized_protein_Dmel
Dmelanogaster.Prosalpha1_proteasome_alpha1_subunit	34.483	174	112	2	5.54e-30	114	Dmelanogaster.Prosalpha1_proteasome_alpha1_subunit
Avaga.UJR13422.1_hypothetical_protein_I4U23_000437	33.333	174	114	2	6.88e-29	111	Avaga.UJR13422.1_hypothetical_protein_I4U23_000437
Lanatina.XP_013393501.1_proteasome_subunit_alpha_t	33.871	186	119	2	7.95e-29	112	Lanatina.XP_013393501.1_proteasome_subunit_alpha_t
Egranulosus.XP_024352529.1_putative_cyclinH	32.749	171	113	1	9.61e-29	116	Egranulosus.XP_024352529.1_putative_cyclinH
Cintestinalis.LOC100179585_proteasome_subunit_alph	31.694	183	125	0	1.16e-28	110	Cintestinalis.LOC100179585_proteasome_subunit_alph
Aplanci.LOC110978086_proteasome_subunit_alpha_type	34.054	185	120	1	1.86e-28	110	Aplanci.LOC110978086_proteasome_subunit_alpha_type
Bbelcheri.LOC109475878_proteasome_subunit_alpha_ty	33.880	183	121	0	1.89e-28	110	Bbelcheri.LOC109475878_proteasome_subunit_alpha_ty
Egranulosus.XP_024350725.1_Proteasome_subunit_alph	32.973	185	122	1	3.02e-28	109	Egranulosus.XP_024350725.1_Proteasome_subunit_alph
Dmelanogaster.Prosalpha6_proteasome_alpha6_subunit	33.333	171	112	1	3.75e-28	110	Dmelanogaster.Prosalpha6_proteasome_alpha6_subunit
Avaga.UJR33927.1_hypothetical_protein_I4U23_021346	33.333	174	114	2	4.35e-28	109	Avaga.UJR33927.1_hypothetical_protein_I4U23_021346
Myessoensis.XP_021370870.1_proteasome_subunit_alph	33.333	186	120	2	8.65e-28	109	Myessoensis.XP_021370870.1_proteasome_subunit_alph
Bbelcheri.LOC109477580_proteasome_subunit_alpha_ty	33.333	186	120	2	9.84e-28	109	Bbelcheri.LOC109477580_proteasome_subunit_alpha_ty
Aplanci.LOC110989100_proteasome_subunit_alpha_type	33.146	178	116	2	1.45e-27	109	Aplanci.LOC110989100_proteasome_subunit_alpha_type
Hsapiens.NP_002777.1_proteasome_subunit_alpha_type	31.579	171	115	1	1.69e-27	108	Hsapiens.NP_002777.1_proteasome_subunit_alpha_type
Lanatina.XP_013395284.1_proteasome_subunit_alpha_t	34.054	185	120	1	2.54e-27	107	Lanatina.XP_013395284.1_proteasome_subunit_alpha_t
Myessoensis.XP_021377083.1_proteasome_subunit_alph	32.973	185	122	1	1.84e-26	105	Myessoensis.XP_021377083.1_proteasome_subunit_alph
Avaga.UJR22882.1_hypothetical_protein_I4U23_025910	32.432	185	123	1	4.94e-26	103	Avaga.UJR22882.1_hypothetical_protein_I4U23_025910
Bbelcheri.LOC109475698_proteasome_subunit_alpha_ty	30.476	210	143	3	1.85e-25	103	Bbelcheri.LOC109475698_proteasome_subunit_alpha_ty
Lanatina.XP_013422041.1_proteasome_subunit_alpha_t	29.148	223	155	3	2.76e-25	102	Lanatina.XP_013422041.1_proteasome_subunit_alpha_t
Avaga.UJR26054.1_hypothetical_protein_I4U23_007400	32.432	185	123	1	1.91e-24	104	Avaga.UJR26054.1_hypothetical_protein_I4U23_007400
Dmelanogaster.Prosalpha3_proteasome_alpha3_subunit	28.631	241	164	4	3.95e-24	99.8	Dmelanogaster.Prosalpha3_proteasome_alpha3_subunit
Avaga.UJR14676.1_hypothetical_protein_I4U23_001669	32.934	167	110	2	1.79e-23	97.8	Avaga.UJR14676.1_hypothetical_protein_I4U23_001669
Cintestinalis.LOC100183036_proteasome_subunit_alph	29.825	171	118	1	1.86e-23	98.2	Cintestinalis.LOC100183036_proteasome_subunit_alph
Avaga.UJR32071.1_hypothetical_protein_I4U23_019539	32.934	167	110	2	2.20e-23	97.8	Avaga.UJR32071.1_hypothetical_protein_I4U23_019539
Hsapiens.NP_002780.1_proteasome_subunit_alpha_type	31.792	173	116	2	4.38e-23	96.7	Hsapiens.NP_002780.1_proteasome_subunit_alpha_type
Myessoensis.XP_021348473.1_proteasome_subunit_alph	28.095	210	148	3	1.43e-22	95.5	Myessoensis.XP_021348473.1_proteasome_subunit_alph
Dmelanogaster.Prosalpha3T_proteasome_alpha3_subuni	31.977	172	116	1	1.81e-22	95.1	Dmelanogaster.Prosalpha3T_proteasome_alpha3_subuni
Aplanci.LOC110982113_proteasome_subunit_alpha_type	31.138	167	113	2	2.60e-21	92.0	Aplanci.LOC110982113_proteasome_subunit_alpha_type
Egranulosus.XP_024352868.1_Proteasome_subunit_alph	29.197	137	92	1	4.36e-12	67.4	Egranulosus.XP_024352868.1_Proteasome_subunit_alph
Dmelanogaster.Prosbeta2R1_proteasome_beta2_subunit	25.146	171	113	4	4.28e-05	46.6	Dmelanogaster.Prosbeta2R1_proteasome_beta2_subunit
Egranulosus.XP_024351065.1_Proteasome_subunit_beta	26.573	143	88	6	0.001	42.0	Egranulosus.XP_024351065.1_Proteasome_subunit_beta
Egranulosus.XP_024354779.1_Proteasome_subunit_alph	28.283	99	70	1	0.006	38.9	Egranulosus.XP_024354779.1_Proteasome_subunit_alph
Egranulosus.XP_024352910.1_Proteasome_subunit_beta	24.432	176	118	6	0.19	35.0	Egranulosus.XP_024352910.1_Proteasome_subunit_beta
Bbelcheri.LOC109477830_atrial_natriuretic_peptide_	32.051	78	50	2	0.30	35.0	Bbelcheri.LOC109477830_atrial_natriuretic_peptide_
Lanatina.XP_013412692.1_proteasome_subunit_beta_ty	23.952	167	105	4	1.3	32.7	Lanatina.XP_013412692.1_proteasome_subunit_beta_ty
Lanatina.XP_013412691.1_proteasome_subunit_beta_ty	23.952	167	105	4	1.3	32.7	Lanatina.XP_013412691.1_proteasome_subunit_beta_ty
Hsapiens.NP_056190.1_dual_serine/threonine_and_tyr	27.500	80	57	1	1.6	32.7	Hsapiens.NP_056190.1_dual_serine/threonine_and_tyr
Myessoensis.XP_021352666.1_proteasome_subunit_beta	23.664	131	88	4	1.6	32.3	Myessoensis.XP_021352666.1_proteasome_subunit_beta
Hsapiens.NP_002790.1_proteasome_subunit_beta_type-	24.260	169	105	5	1.8	32.3	Hsapiens.NP_002790.1_proteasome_subunit_beta_type-
Hsapiens.NP_000846.1_guanylate_cyclase_soluble_sub	32.258	62	41	1	2.3	32.3	Hsapiens.NP_000846.1_guanylate_cyclase_soluble_sub
Dmelanogaster.CG12480_uncharacterized_protein_Dmel	36.585	41	24	1	3.8	31.6	Dmelanogaster.CG12480_uncharacterized_protein_Dmel
Egranulosus.XP_024350522.1_Proteasome_subunit_beta	21.264	174	131	2	4.0	31.2	Egranulosus.XP_024350522.1_Proteasome_subunit_beta
Dmelanogaster.Prosbeta5R2_proteasome_beta5_subunit	20.968	124	89	3	5.9	30.8	Dmelanogaster.Prosbeta5R2_proteasome_beta5_subunit
Egranulosus.XP_024348250.1_Severin	33.333	54	30	2	6.0	30.8	Egranulosus.XP_024348250.1_Severin
