Myessoensis.XP_021370576.1_proteasome_subunit_alph
Lanatina.XP_013384393.1_proteasome_subunit_alpha_t
Hsapiens.NP_002779.1_proteasome_subunit_alpha_type
Bbelcheri.LOC109471095_proteasome_subunit_alpha_ty
Aplanci.LOC110982874_proteasome_subunit_alpha_type
Cintestinalis.LOC100177476_proteasome_subunit_alph
Egranulosus.XP_024352159.1_Proteasome_subunit_alph
Avaga.UJR30804.1_hypothetical_protein_I4U23_018322
Avaga.UJR15799.1_hypothetical_protein_I4U23_002731
Dmelanogaster.Prosalpha7_proteasome_alpha7_subunit
Lanatina.XP_013415237.1_proteasome_subunit_alpha_t
Bbelcheri.LOC109473572_proteasome_subunit_alpha_ty
Hsapiens.NP_002783.1_proteasome_subunit_alpha_type
Cintestinalis.LOC100176195_proteasome_subunit_alph
Cintestinalis.LOC100176760_proteasome_subunit_alph
Hsapiens.NP_002781.2_proteasome_subunit_alpha_type
Lanatina.XP_013389043.1_proteasome_subunit_alpha_t
Lanatina.XP_013417278.1_proteasome_subunit_alpha_t
Bbelcheri.LOC109486945_proteasome_subunit_alpha_ty
Aplanci.LOC110982065_proteasome_subunit_alpha_type
Myessoensis.XP_021354253.1_proteasome_subunit_alph
Aplanci.LOC110989014_proteasome_subunit_alpha_type
Myessoensis.XP_021360390.1_proteasome_subunit_alph
Dmelanogaster.Prosalpha4_proteasome_alpha4_subunit
Avaga.UJR13309.1_hypothetical_protein_I4U23_000327
Hsapiens.NP_001020267.1_proteasome_subunit_alpha-t
Avaga.UJR34060.1_hypothetical_protein_I4U23_021471
Egranulosus.XP_024351634.1_Proteasome_subunit_alph
